INFO:app:Starting up application! Downloading and setting up model whisper tiny.
INFO:app:Downloading and setting up model took 23.09 seconds.
WARNING:werkzeug: * Running on all addresses.
   WARNING: This is a development server. Do not use it in a production deployment.
INFO:werkzeug: * Running on https://192.168.1.21:5000/ (Press CTRL+C to quit)
INFO:werkzeug:127.0.0.1 - - [30/Sep/2022 09:34:31] "GET / HTTP/1.1" 200 -
INFO:werkzeug:127.0.0.1 - - [30/Sep/2022 09:34:31] "GET /static/style.css HTTP/1.1" 200 -
INFO:werkzeug:127.0.0.1 - - [30/Sep/2022 09:34:31] "GET /static/recorder.js HTTP/1.1" 200 -
INFO:werkzeug:127.0.0.1 - - [30/Sep/2022 09:34:31] "GET /static/app.js HTTP/1.1" 200 -
INFO:werkzeug:127.0.0.1 - - [30/Sep/2022 09:34:31] "[33mGET /favicon.ico HTTP/1.1[0m" 404 -
INFO:app:Received new request!
INFO:app:Request files:ImmutableMultiDict([('audio', <FileStorage: '2022-09-30T07:35:27.793Z' ('audio/wav')>)])
INFO:app:Request settings: {'language': None, 'beam_size': None, 'temperature': 0.0, 'best_of': None, 'fp16': False}
INFO:app:Request asked to use: cpu
INFO:app:Loading model to device: cpu
INFO:app:Loading model to device: cpu took 0.00 seconds.
INFO:app:Audio loading took 0.05 seconds.
INFO:app:Raw prediction:  Пробро..
INFO:app:Inference took 1.08 seconds.
INFO:app:Normalized prediction:  probro..
INFO:app:Post processing took 0.00 seconds.
INFO:werkzeug:127.0.0.1 - - [30/Sep/2022 09:35:29] "POST /predict HTTP/1.1" 200 -
INFO:app:Received new request!
INFO:app:Request files:ImmutableMultiDict([('audio', <FileStorage: '2022-09-30T07:35:27.793Z' ('audio/wav')>)])
INFO:app:Request settings: {'language': None, 'beam_size': None, 'temperature': 0.0, 'best_of': None, 'fp16': True}
INFO:app:Request asked to use: cuda
INFO:app:Loading model to device: cuda
ERROR:app:Torch not compiled with CUDA enabled
Traceback (most recent call last):
  File "/Users/alessiodevoto/projects/asr-whisper-server/app.py", line 95, in predict
    model = model.to(device)
  File "/Users/alessiodevoto/opt/anaconda3/envs/asr/lib/python3.9/site-packages/torch/nn/modules/module.py", line 927, in to
    return self._apply(convert)
  File "/Users/alessiodevoto/opt/anaconda3/envs/asr/lib/python3.9/site-packages/torch/nn/modules/module.py", line 579, in _apply
    module._apply(fn)
  File "/Users/alessiodevoto/opt/anaconda3/envs/asr/lib/python3.9/site-packages/torch/nn/modules/module.py", line 579, in _apply
    module._apply(fn)
  File "/Users/alessiodevoto/opt/anaconda3/envs/asr/lib/python3.9/site-packages/torch/nn/modules/module.py", line 602, in _apply
    param_applied = fn(param)
  File "/Users/alessiodevoto/opt/anaconda3/envs/asr/lib/python3.9/site-packages/torch/nn/modules/module.py", line 925, in convert
    return t.to(device, dtype if t.is_floating_point() or t.is_complex() else None, non_blocking)
  File "/Users/alessiodevoto/opt/anaconda3/envs/asr/lib/python3.9/site-packages/torch/cuda/__init__.py", line 211, in _lazy_init
    raise AssertionError("Torch not compiled with CUDA enabled")
AssertionError: Torch not compiled with CUDA enabled
INFO:werkzeug:127.0.0.1 - - [30/Sep/2022 09:35:46] "[35m[1mPOST /predict HTTP/1.1[0m" 500 -
